1642611194616	geckodriver	INFO	Listening on 127.0.0.1:35861
1642611194621	mozrunner::runner	INFO	Running command: "/usr/bin/firefox" "--marionette" "-headless" "-no-remote" "-profile" "/tmp/rust_mozprofileNA4Y6w"
*** You are running in headless mode.
1642611207117	Marionette	INFO	Marionette enabled
[GFX1-]: RenderCompositorSWGL failed mapping default framebuffer, no dt
console.info: MINT: Trying to use the system region (based on LANG).
console.info: MINT: System region is BR
console.info: MINT: Trying to use the system region (based on LANG).
console.info: MINT: System region is BR
console.warn: SearchSettings: "get: No settings file exists, new profile?" (new NotFoundError("Could not open the file at /tmp/rust_mozprofileNA4Y6w/search.json.mozlz4", (void 0)))
JavaScript error: resource:///modules/BrowserGlue.jsm, line 4097: TypeError: invalid assignment to const 'dialogReason'
1642611223738	Marionette	INFO	Listening on port 41841
1642611224834	RemoteAgent	WARN	TLS certificate errors will be ignored for this session
console.info: MINT: Loading search-config defaults.
JavaScript error: resource://gre/modules/TelemetryUtils.jsm, line 154: TypeError: date is undefined
1642611255446	Marionette	INFO	Stopped listening on port 41841

###!!! [Parent][MessageChannel] Error: (msgtype=0x39014B,name=PContent::Reply_DiscardBrowsingContext) Closed channel: cannot send/recv


###!!! [Parent][MessageChannel] Error: (msgtype=0x39014B,name=PContent::Reply_DiscardBrowsingContext) Closed channel: cannot send/recv


###!!! [Parent][MessageChannel] Error: (msgtype=0x39014B,name=PContent::Reply_DiscardBrowsingContext) Closed channel: cannot send/recv


###!!! [Parent][MessageChannel] Error: (msgtype=0x39014B,name=PContent::Reply_DiscardBrowsingContext) Closed channel: cannot send/recv


###!!! [Child][MessageChannel] Error: (msgtype=0x6C0025,name=PNecko::Msg_RemoveRequestContext) Channel closing: too late to send/recv, messages will be lost


###!!! [Child][RunMessage] Error: Channel closing: too late to send/recv, messages will be lost


###!!! [Parent][MessageChannel] Error: (msgtype=0x390078,name=PContent::Msg_DestroyBrowsingContextGroup) Closed channel: cannot send/recv

[Parent 2718, IPC I/O Parent] WARNING: FileDescriptorSet destroyed with unconsumed descriptors: file /PROJECT/firefox-95.0.1+linuxmint1.1+tricia/ipc/chromium/src/chrome/common/file_descriptor_set_posix.cc:19
JavaScript error: resource://gre/modules/CrashManager.jsm, line 828: AbortError: IOUtils: Shutting down and refusing additional I/O tasks
WARNING: At least one completion condition is taking too long to complete. Conditions: [{"name":"Places Connection shutdown","state":{"PlacesShutdownProgress":5},"filename":"/PROJECT/firefox-95.0.1+linuxmint1.1+tricia/toolkit/components/places/Database.cpp","lineNumber":467,"stack":["resource://gre/modules/nsAsyncShutdown.jsm:addBlocker:162","resource://gre/modules/XPCOMUtils.jsm:XPCU_serviceLambda:161","resource://gre/modules/XPCOMUtils.jsm:get:62","resource:///modules/BrowserGlue.jsm:BG__onFirstWindowLoaded:1685","resource:///modules/BrowserGlue.jsm:BG_observe:999","chrome://browser/content/browser.js:_delayedStartup:2109"]}] Barrier: profile-before-change
console.error: (new Error("SessionFile is closed", "resource:///modules/sessionstore/SessionFile.jsm", 446))
1642611299856	geckodriver	INFO	Listening on 127.0.0.1:42399
1642611299861	mozrunner::runner	INFO	Running command: "/usr/bin/firefox" "--marionette" "-headless" "-no-remote" "-profile" "/tmp/rust_mozprofileb1zIwK"
*** You are running in headless mode.
1642611308508	Marionette	INFO	Marionette enabled
[GFX1-]: RenderCompositorSWGL failed mapping default framebuffer, no dt
console.info: MINT: Trying to use the system region (based on LANG).
console.info: MINT: System region is BR
console.info: MINT: Trying to use the system region (based on LANG).
console.info: MINT: System region is BR
console.warn: SearchSettings: "get: No settings file exists, new profile?" (new NotFoundError("Could not open the file at /tmp/rust_mozprofileb1zIwK/search.json.mozlz4", (void 0)))
JavaScript error: resource:///modules/BrowserGlue.jsm, line 4097: TypeError: invalid assignment to const 'dialogReason'
1642611316870	Marionette	INFO	Listening on port 44219
1642611318265	RemoteAgent	WARN	TLS certificate errors will be ignored for this session
console.info: MINT: Loading search-config defaults.
JavaScript error: resource://gre/modules/TelemetryUtils.jsm, line 154: TypeError: date is undefined
1642611343201	Marionette	INFO	Stopped listening on port 44219
1642611380410	geckodriver	INFO	Listening on 127.0.0.1:56243
1642611380418	mozrunner::runner	INFO	Running command: "/usr/bin/firefox" "--marionette" "-headless" "-no-remote" "-profile" "/tmp/rust_mozprofileIXteIg"
*** You are running in headless mode.
1642611385853	Marionette	INFO	Marionette enabled
[GFX1-]: RenderCompositorSWGL failed mapping default framebuffer, no dt
console.info: MINT: Trying to use the system region (based on LANG).
console.info: MINT: System region is BR
console.info: MINT: Trying to use the system region (based on LANG).
console.info: MINT: System region is BR
console.warn: SearchSettings: "get: No settings file exists, new profile?" (new NotFoundError("Could not open the file at /tmp/rust_mozprofileIXteIg/search.json.mozlz4", (void 0)))
JavaScript error: resource:///modules/BrowserGlue.jsm, line 4097: TypeError: invalid assignment to const 'dialogReason'
1642611393715	Marionette	INFO	Listening on port 43387
1642611394484	RemoteAgent	WARN	TLS certificate errors will be ignored for this session
console.info: MINT: Loading search-config defaults.
JavaScript error: resource://gre/modules/TelemetryUtils.jsm, line 154: TypeError: date is undefined
1642611408185	Marionette	INFO	Stopped listening on port 43387
JavaScript error: resource://gre/modules/UrlClassifierListManager.jsm, line 691: TypeError: this.tablesData[table] is undefined

###!!! [Parent][RunMessage] Error: Channel closing: too late to send/recv, messages will be lost

1642612328699	geckodriver	INFO	Listening on 127.0.0.1:42553
1642612328703	mozrunner::runner	INFO	Running command: "/usr/bin/firefox" "--marionette" "-headless" "-no-remote" "-profile" "/tmp/rust_mozprofileczh5e6"
*** You are running in headless mode.
1642612339387	Marionette	INFO	Marionette enabled
[GFX1-]: RenderCompositorSWGL failed mapping default framebuffer, no dt
console.info: MINT: Trying to use the system region (based on LANG).
console.info: MINT: System region is BR
console.info: MINT: Trying to use the system region (based on LANG).
console.info: MINT: System region is BR
console.warn: SearchSettings: "get: No settings file exists, new profile?" (new NotFoundError("Could not open the file at /tmp/rust_mozprofileczh5e6/search.json.mozlz4", (void 0)))
JavaScript error: resource:///modules/BrowserGlue.jsm, line 4097: TypeError: invalid assignment to const 'dialogReason'
1642612349860	Marionette	INFO	Listening on port 44837
1642612351354	RemoteAgent	WARN	TLS certificate errors will be ignored for this session
console.info: MINT: Loading search-config defaults.
JavaScript error: resource://gre/modules/TelemetryUtils.jsm, line 154: TypeError: date is undefined
1642612370725	Marionette	INFO	Stopped listening on port 44837
JavaScript error: resource://gre/modules/UrlClassifierListManager.jsm, line 691: TypeError: this.tablesData[table] is undefined
[Parent 5605, IPC I/O Parent] WARNING: FileDescriptorSet destroyed with unconsumed descriptors: file /PROJECT/firefox-95.0.1+linuxmint1.1+tricia/ipc/chromium/src/chrome/common/file_descriptor_set_posix.cc:19
1642612406654	geckodriver	INFO	Listening on 127.0.0.1:42853
1642612406658	mozrunner::runner	INFO	Running command: "/usr/bin/firefox" "--marionette" "-no-remote" "-profile" "/tmp/rust_mozprofilebmWlB8"
1642612414479	Marionette	INFO	Marionette enabled
console.info: MINT: Trying to use the system region (based on LANG).
console.info: MINT: System region is BR
console.info: MINT: Trying to use the system region (based on LANG).
console.info: MINT: System region is BR
console.warn: SearchSettings: "get: No settings file exists, new profile?" (new NotFoundError("Could not open the file at /tmp/rust_mozprofilebmWlB8/search.json.mozlz4", (void 0)))
JavaScript error: resource:///modules/BrowserGlue.jsm, line 4097: TypeError: invalid assignment to const 'dialogReason'
1642612424325	Marionette	INFO	Listening on port 41849
1642612425754	RemoteAgent	WARN	TLS certificate errors will be ignored for this session
console.info: MINT: Loading search-config defaults.
JavaScript error: resource://gre/modules/TelemetryUtils.jsm, line 154: TypeError: date is undefined
1642612448536	Marionette	INFO	Stopped listening on port 41849
JavaScript error: resource://gre/modules/UrlClassifierListManager.jsm, line 691: TypeError: this.tablesData[table] is undefined

###!!! [Parent][RunMessage] Error: Channel closing: too late to send/recv, messages will be lost

1642612461375	geckodriver	INFO	Listening on 127.0.0.1:54633
1642612461379	mozrunner::runner	INFO	Running command: "/usr/bin/firefox" "--marionette" "-headless" "-no-remote" "-profile" "/tmp/rust_mozprofilerwMUuc"
*** You are running in headless mode.
1642612471918	Marionette	INFO	Marionette enabled
[GFX1-]: RenderCompositorSWGL failed mapping default framebuffer, no dt
console.info: MINT: Trying to use the system region (based on LANG).
console.info: MINT: System region is BR
console.info: MINT: Trying to use the system region (based on LANG).
console.info: MINT: System region is BR
console.warn: SearchSettings: "get: No settings file exists, new profile?" (new NotFoundError("Could not open the file at /tmp/rust_mozprofilerwMUuc/search.json.mozlz4", (void 0)))
JavaScript error: resource:///modules/BrowserGlue.jsm, line 4097: TypeError: invalid assignment to const 'dialogReason'
1642612481992	Marionette	INFO	Listening on port 41683
1642612483632	RemoteAgent	WARN	TLS certificate errors will be ignored for this session
console.info: MINT: Loading search-config defaults.
JavaScript error: resource://gre/modules/TelemetryUtils.jsm, line 154: TypeError: date is undefined
1642612508718	Marionette	INFO	Stopped listening on port 41683

###!!! [Child][MessageChannel] Error: (msgtype=0x6C0025,name=PNecko::Msg_RemoveRequestContext) Closed channel: cannot send/recv


###!!! [Child][MessageChannel] Error: (msgtype=0x6C0025,name=PNecko::Msg_RemoveRequestContext) Closed channel: cannot send/recv


###!!! [Child][MessageChannel] Error: (msgtype=0x6C0025,name=PNecko::Msg_RemoveRequestContext) Closed channel: cannot send/recv


###!!! [Child][MessageChannel] Error: (msgtype=0x6C0025,name=PNecko::Msg_RemoveRequestContext) Closed channel: cannot send/recv


###!!! [Child][MessageChannel] Error: (msgtype=0x6C0025,name=PNecko::Msg_RemoveRequestContext) Closed channel: cannot send/recv


###!!! [Child][MessageChannel] Error: (msgtype=0x6C0025,name=PNecko::Msg_RemoveRequestContext) Closed channel: cannot send/recv


###!!! [Child][MessageChannel] Error: (msgtype=0x6C0025,name=PNecko::Msg_RemoveRequestContext) Closed channel: cannot send/recv


###!!! [Child][MessageChannel] Error: (msgtype=0x6C0025,name=PNecko::Msg_RemoveRequestContext) Closed channel: cannot send/recv


###!!! [Child][MessageChannel] Error: (msgtype=0x6C0025,name=PNecko::Msg_RemoveRequestContext) Closed channel: cannot send/recv


###!!! [Child][MessageChannel] Error: (msgtype=0x6C0025,name=PNecko::Msg_RemoveRequestContext) Closed channel: cannot send/recv


###!!! [Child][MessageChannel] Error: (msgtype=0x6C0025,name=PNecko::Msg_RemoveRequestContext) Closed channel: cannot send/recv


###!!! [Child][MessageChannel] Error: (msgtype=0x6C0025,name=PNecko::Msg_RemoveRequestContext) Closed channel: cannot send/recv


###!!! [Child][MessageChannel] Error: (msgtype=0x6C0025,name=PNecko::Msg_RemoveRequestContext) Closed channel: cannot send/recv


###!!! [Child][MessageChannel] Error: (msgtype=0x6C0025,name=PNecko::Msg_RemoveRequestContext) Closed channel: cannot send/recv


###!!! [Child][MessageChannel] Error: (msgtype=0x6C0025,name=PNecko::Msg_RemoveRequestContext) Closed channel: cannot send/recv


###!!! [Child][MessageChannel] Error: (msgtype=0x6C0025,name=PNecko::Msg_RemoveRequestContext) Closed channel: cannot send/recv


###!!! [Child][MessageChannel] Error: (msgtype=0x6C0025,name=PNecko::Msg_RemoveRequestContext) Closed channel: cannot send/recv


###!!! [Child][MessageChannel] Error: (msgtype=0x6C0025,name=PNecko::Msg_RemoveRequestContext) Closed channel: cannot send/recv


###!!! [Child][MessageChannel] Error: (msgtype=0x6C0025,name=PNecko::Msg_RemoveRequestContext) Closed channel: cannot send/recv


###!!! [Child][MessageChannel] Error: (msgtype=0x6C0025,name=PNecko::Msg_RemoveRequestContext) Closed channel: cannot send/recv


###!!! [Child][MessageChannel] Error: (msgtype=0x6C0025,name=PNecko::Msg_RemoveRequestContext) Closed channel: cannot send/recv


###!!! [Child][MessageChannel] Error: (msgtype=0x6C0025,name=PNecko::Msg_RemoveRequestContext) Closed channel: cannot send/recv


###!!! [Child][MessageChannel] Error: (msgtype=0x6C0025,name=PNecko::Msg_RemoveRequestContext) Closed channel: cannot send/recv


###!!! [Child][MessageChannel] Error: (msgtype=0x6C0025,name=PNecko::Msg_RemoveRequestContext) Closed channel: cannot send/recv


###!!! [Child][MessageChannel] Error: (msgtype=0x6C0025,name=PNecko::Msg_RemoveRequestContext) Closed channel: cannot send/recv


###!!! [Child][MessageChannel] Error: (msgtype=0x6C0025,name=PNecko::Msg_RemoveRequestContext) Closed channel: cannot send/recv


###!!! [Child][MessageChannel] Error: (msgtype=0x6C0025,name=PNecko::Msg_RemoveRequestContext) Closed channel: cannot send/recv


###!!! [Child][MessageChannel] Error: (msgtype=0x6C0025,name=PNecko::Msg_RemoveRequestContext) Closed channel: cannot send/recv


###!!! [Child][MessageChannel] Error: (msgtype=0x6C0025,name=PNecko::Msg_RemoveRequestContext) Closed channel: cannot send/recv


###!!! [Child][MessageChannel] Error: (msgtype=0x6C0025,name=PNecko::Msg_RemoveRequestContext) Closed channel: cannot send/recv


###!!! [Child][MessageChannel] Error: (msgtype=0x6C0025,name=PNecko::Msg_RemoveRequestContext) Closed channel: cannot send/recv


###!!! [Child][MessageChannel] Error: (msgtype=0x6C0025,name=PNecko::Msg_RemoveRequestContext) Closed channel: cannot send/recv


###!!! [Child][MessageChannel] Error: (msgtype=0x6C0025,name=PNecko::Msg_RemoveRequestContext) Closed channel: cannot send/recv


###!!! [Child][MessageChannel] Error: (msgtype=0x6C0025,name=PNecko::Msg_RemoveRequestContext) Closed channel: cannot send/recv


###!!! [Child][MessageChannel] Error: (msgtype=0x6C0025,name=PNecko::Msg_RemoveRequestContext) Closed channel: cannot send/recv


###!!! [Child][MessageChannel] Error: (msgtype=0x6C0025,name=PNecko::Msg_RemoveRequestContext) Closed channel: cannot send/recv


###!!! [Child][MessageChannel] Error: (msgtype=0x6C0025,name=PNecko::Msg_RemoveRequestContext) Closed channel: cannot send/recv


###!!! [Child][MessageChannel] Error: (msgtype=0x6C0025,name=PNecko::Msg_RemoveRequestContext) Closed channel: cannot send/recv


###!!! [Child][MessageChannel] Error: (msgtype=0x6C0025,name=PNecko::Msg_RemoveRequestContext) Closed channel: cannot send/recv

1642613952068	geckodriver	INFO	Listening on 127.0.0.1:34849
1642613952351	mozrunner::runner	INFO	Running command: "/usr/bin/firefox" "--marionette" "-no-remote" "-profile" "/tmp/rust_mozprofileUEaA9J"
1642613977122	Marionette	INFO	Marionette enabled
console.info: MINT: Trying to use the system region (based on LANG).
console.info: MINT: System region is BR
console.info: MINT: Trying to use the system region (based on LANG).
console.info: MINT: System region is BR
console.warn: SearchSettings: "get: No settings file exists, new profile?" (new NotFoundError("Could not open the file at /tmp/rust_mozprofileUEaA9J/search.json.mozlz4", (void 0)))
JavaScript error: resource:///modules/BrowserGlue.jsm, line 4097: TypeError: invalid assignment to const 'dialogReason'
1642614005060	Marionette	INFO	Listening on port 40953
1642614009005	RemoteAgent	WARN	TLS certificate errors will be ignored for this session
console.info: MINT: Loading search-config defaults.
JavaScript error: resource://gre/modules/TelemetryUtils.jsm, line 154: TypeError: date is undefined
1642614050420	Marionette	INFO	Stopped listening on port 40953

###!!! [Parent][MessageChannel] Error: (msgtype=0x390078,name=PContent::Msg_DestroyBrowsingContextGroup) Closed channel: cannot send/recv


###!!! [Parent][RunMessage] Error: Channel closing: too late to send/recv, messages will be lost

1642614064327	geckodriver	INFO	Listening on 127.0.0.1:53893
1642614064368	mozrunner::runner	INFO	Running command: "/usr/bin/firefox" "--marionette" "-no-remote" "-profile" "/tmp/rust_mozprofile6RMD86"
1642614068642	Marionette	INFO	Marionette enabled
console.info: MINT: Trying to use the system region (based on LANG).
console.info: MINT: System region is BR
console.info: MINT: Trying to use the system region (based on LANG).
console.info: MINT: System region is BR
console.warn: SearchSettings: "get: No settings file exists, new profile?" (new NotFoundError("Could not open the file at /tmp/rust_mozprofile6RMD86/search.json.mozlz4", (void 0)))
JavaScript error: resource:///modules/BrowserGlue.jsm, line 4097: TypeError: invalid assignment to const 'dialogReason'
1642614073193	Marionette	INFO	Listening on port 42033
1642614073815	RemoteAgent	WARN	TLS certificate errors will be ignored for this session
console.info: MINT: Loading search-config defaults.
JavaScript error: resource://gre/modules/TelemetryUtils.jsm, line 154: TypeError: date is undefined
1642614096092	Marionette	INFO	Stopped listening on port 42033

###!!! [Parent][MessageChannel] Error: (msgtype=0x39014B,name=PContent::Reply_DiscardBrowsingContext) Closed channel: cannot send/recv


###!!! [Parent][MessageChannel] Error: (msgtype=0x39014B,name=PContent::Reply_DiscardBrowsingContext) Closed channel: cannot send/recv


###!!! [Parent][MessageChannel] Error: (msgtype=0x39014B,name=PContent::Reply_DiscardBrowsingContext) Closed channel: cannot send/recv


###!!! [Parent][MessageChannel] Error: (msgtype=0x39014B,name=PContent::Reply_DiscardBrowsingContext) Closed channel: cannot send/recv


###!!! [Parent][MessageChannel] Error: (msgtype=0x39014B,name=PContent::Reply_DiscardBrowsingContext) Closed channel: cannot send/recv


###!!! [Parent][MessageChannel] Error: (msgtype=0x39014B,name=PContent::Reply_DiscardBrowsingContext) Closed channel: cannot send/recv


###!!! [Parent][MessageChannel] Error: (msgtype=0x39014B,name=PContent::Reply_DiscardBrowsingContext) Closed channel: cannot send/recv


###!!! [Parent][MessageChannel] Error: (msgtype=0x390078,name=PContent::Msg_DestroyBrowsingContextGroup) Closed channel: cannot send/recv


###!!! [Parent][RunMessage] Error: Channel closing: too late to send/recv, messages will be lost

1642614158242	geckodriver	INFO	Listening on 127.0.0.1:46557
1642614158246	mozrunner::runner	INFO	Running command: "/usr/bin/firefox" "--marionette" "-no-remote" "-profile" "/tmp/rust_mozprofileGcHgty"
1642614161725	Marionette	INFO	Marionette enabled
console.info: MINT: Trying to use the system region (based on LANG).
console.info: MINT: System region is BR
console.info: MINT: Trying to use the system region (based on LANG).
console.info: MINT: System region is BR
console.warn: SearchSettings: "get: No settings file exists, new profile?" (new NotFoundError("Could not open the file at /tmp/rust_mozprofileGcHgty/search.json.mozlz4", (void 0)))
JavaScript error: resource:///modules/BrowserGlue.jsm, line 4097: TypeError: invalid assignment to const 'dialogReason'
1642614166029	Marionette	INFO	Listening on port 32797
1642614167241	RemoteAgent	WARN	TLS certificate errors will be ignored for this session
console.info: MINT: Loading search-config defaults.
JavaScript error: resource://gre/modules/TelemetryUtils.jsm, line 154: TypeError: date is undefined
1642614191626	Marionette	INFO	Stopped listening on port 32797
IPDL protocol error: Handler returned error code!

###!!! [Parent][DispatchAsyncMessage] Error: PMessagePort::Msg_PostMessages Processing error: message was deserialized, but the handler returned false (indicating failure)


###!!! [Child][MessageChannel] Error: (msgtype=0x6C0025,name=PNecko::Msg_RemoveRequestContext) Channel closing: too late to send/recv, messages will be lost


###!!! [Parent][MessageChannel] Error: (msgtype=0x390078,name=PContent::Msg_DestroyBrowsingContextGroup) Closed channel: cannot send/recv


###!!! [Parent][RunMessage] Error: Channel closing: too late to send/recv, messages will be lost

1642614210630	geckodriver	INFO	Listening on 127.0.0.1:50971
1642614210634	mozrunner::runner	INFO	Running command: "/usr/bin/firefox" "--marionette" "-no-remote" "-profile" "/tmp/rust_mozprofileVpb3oL"
1642614214214	Marionette	INFO	Marionette enabled
console.info: MINT: Trying to use the system region (based on LANG).
console.info: MINT: System region is BR
console.info: MINT: Trying to use the system region (based on LANG).
console.info: MINT: System region is BR
console.warn: SearchSettings: "get: No settings file exists, new profile?" (new NotFoundError("Could not open the file at /tmp/rust_mozprofileVpb3oL/search.json.mozlz4", (void 0)))
JavaScript error: resource:///modules/BrowserGlue.jsm, line 4097: TypeError: invalid assignment to const 'dialogReason'
1642614219311	Marionette	INFO	Listening on port 38523
1642614219962	RemoteAgent	WARN	TLS certificate errors will be ignored for this session
console.info: MINT: Loading search-config defaults.
JavaScript error: resource://gre/modules/TelemetryUtils.jsm, line 154: TypeError: date is undefined
1642614248743	Marionette	INFO	Stopped listening on port 38523

###!!! [Parent][MessageChannel] Error: (msgtype=0x39014B,name=PContent::Reply_DiscardBrowsingContext) Closed channel: cannot send/recv


###!!! [Parent][MessageChannel] Error: (msgtype=0x39014B,name=PContent::Reply_DiscardBrowsingContext) Closed channel: cannot send/recv


###!!! [Parent][MessageChannel] Error: (msgtype=0x39014B,name=PContent::Reply_DiscardBrowsingContext) Closed channel: cannot send/recv


###!!! [Parent][MessageChannel] Error: (msgtype=0x39014B,name=PContent::Reply_DiscardBrowsingContext) Closed channel: cannot send/recv


###!!! [Parent][MessageChannel] Error: (msgtype=0x39014B,name=PContent::Reply_DiscardBrowsingContext) Closed channel: cannot send/recv


###!!! [Parent][MessageChannel] Error: (msgtype=0x39014B,name=PContent::Reply_DiscardBrowsingContext) Closed channel: cannot send/recv


###!!! [Parent][MessageChannel] Error: (msgtype=0x39014B,name=PContent::Reply_DiscardBrowsingContext) Closed channel: cannot send/recv


###!!! [Parent][MessageChannel] Error: (msgtype=0x39014B,name=PContent::Reply_DiscardBrowsingContext) Closed channel: cannot send/recv


###!!! [Parent][MessageChannel] Error: (msgtype=0x39014B,name=PContent::Reply_DiscardBrowsingContext) Closed channel: cannot send/recv


###!!! [Parent][MessageChannel] Error: (msgtype=0x39014B,name=PContent::Reply_DiscardBrowsingContext) Closed channel: cannot send/recv


###!!! [Parent][MessageChannel] Error: (msgtype=0x39014B,name=PContent::Reply_DiscardBrowsingContext) Closed channel: cannot send/recv


###!!! [Parent][MessageChannel] Error: (msgtype=0x39014B,name=PContent::Reply_DiscardBrowsingContext) Closed channel: cannot send/recv


###!!! [Parent][MessageChannel] Error: (msgtype=0x39014B,name=PContent::Reply_DiscardBrowsingContext) Closed channel: cannot send/recv


###!!! [Parent][MessageChannel] Error: (msgtype=0x39014B,name=PContent::Reply_DiscardBrowsingContext) Closed channel: cannot send/recv


###!!! [Parent][MessageChannel] Error: (msgtype=0x39014B,name=PContent::Reply_DiscardBrowsingContext) Closed channel: cannot send/recv


###!!! [Parent][MessageChannel] Error: (msgtype=0x39014B,name=PContent::Reply_DiscardBrowsingContext) Closed channel: cannot send/recv


###!!! [Parent][MessageChannel] Error: (msgtype=0x39014B,name=PContent::Reply_DiscardBrowsingContext) Closed channel: cannot send/recv


###!!! [Parent][MessageChannel] Error: (msgtype=0x390078,name=PContent::Msg_DestroyBrowsingContextGroup) Closed channel: cannot send/recv


###!!! [Parent][MessageChannel] Error: (msgtype=0x39014B,name=PContent::Reply_DiscardBrowsingContext) Closed channel: cannot send/recv


###!!! [Parent][RunMessage] Error: Channel closing: too late to send/recv, messages will be lost

1642614333152	geckodriver	INFO	Listening on 127.0.0.1:41691
1642614333156	mozrunner::runner	INFO	Running command: "/usr/bin/firefox" "--marionette" "-no-remote" "-profile" "/tmp/rust_mozprofileFay6ep"
1642614336264	Marionette	INFO	Marionette enabled
console.info: MINT: Trying to use the system region (based on LANG).
console.info: MINT: System region is BR
console.info: MINT: Trying to use the system region (based on LANG).
console.info: MINT: System region is BR
console.warn: SearchSettings: "get: No settings file exists, new profile?" (new NotFoundError("Could not open the file at /tmp/rust_mozprofileFay6ep/search.json.mozlz4", (void 0)))
JavaScript error: resource:///modules/BrowserGlue.jsm, line 4097: TypeError: invalid assignment to const 'dialogReason'
1642614340438	Marionette	INFO	Listening on port 33601
1642614341082	RemoteAgent	WARN	TLS certificate errors will be ignored for this session
console.info: MINT: Loading search-config defaults.
JavaScript error: resource://gre/modules/TelemetryUtils.jsm, line 154: TypeError: date is undefined
1642614360615	Marionette	INFO	Stopped listening on port 33601
1642614407821	geckodriver	INFO	Listening on 127.0.0.1:54223
1642614407826	mozrunner::runner	INFO	Running command: "/usr/bin/firefox" "--marionette" "-no-remote" "-profile" "/tmp/rust_mozprofileD6C26l"
1642614411446	Marionette	INFO	Marionette enabled
console.info: MINT: Trying to use the system region (based on LANG).
console.info: MINT: System region is BR
console.info: MINT: Trying to use the system region (based on LANG).
console.info: MINT: System region is BR
console.warn: SearchSettings: "get: No settings file exists, new profile?" (new NotFoundError("Could not open the file at /tmp/rust_mozprofileD6C26l/search.json.mozlz4", (void 0)))
JavaScript error: resource:///modules/BrowserGlue.jsm, line 4097: TypeError: invalid assignment to const 'dialogReason'
1642614417041	Marionette	INFO	Listening on port 44363
1642614417923	RemoteAgent	WARN	TLS certificate errors will be ignored for this session
console.info: MINT: Loading search-config defaults.
JavaScript error: resource://gre/modules/TelemetryUtils.jsm, line 154: TypeError: date is undefined
1642614438106	Marionette	WARN	TimedPromise timed out after 500 ms: stacktrace:
TimedPromise/<@chrome://remote/content/marionette/sync.js:238:19
TimedPromise@chrome://remote/content/marionette/sync.js:223:10
interaction.flushEventLoop@chrome://remote/content/marionette/interaction.js:431:10
webdriverClickElement@chrome://remote/content/marionette/interaction.js:179:31
1642614438372	Marionette	INFO	Stopped listening on port 44363

###!!! [Child][RunMessage] Error: Channel closing: too late to send/recv, messages will be lost


###!!! [Child][RunMessage] Error: Channel closing: too late to send/recv, messages will be lost


###!!! [Child][RunMessage] Error: Channel closing: too late to send/recv, messages will be lost


###!!! [Child][RunMessage] Error: Channel closing: too late to send/recv, messages will be lost


###!!! [Child][RunMessage] Error: Channel closing: too late to send/recv, messages will be lost


###!!! [Child][RunMessage] Error: Channel closing: too late to send/recv, messages will be lost


###!!! [Child][RunMessage] Error: Channel closing: too late to send/recv, messages will be lost


###!!! [Child][RunMessage] Error: Channel closing: too late to send/recv, messages will be lost


###!!! [Child][RunMessage] Error: Channel closing: too late to send/recv, messages will be lost


###!!! [Child][RunMessage] Error: Channel closing: too late to send/recv, messages will be lost


###!!! [Child][RunMessage] Error: Channel closing: too late to send/recv, messages will be lost


###!!! [Child][RunMessage] Error: Channel closing: too late to send/recv, messages will be lost


###!!! [Child][RunMessage] Error: Channel closing: too late to send/recv, messages will be lost


###!!! [Child][RunMessage] Error: Channel closing: too late to send/recv, messages will be lost


###!!! [Child][RunMessage] Error: Channel closing: too late to send/recv, messages will be lost


###!!! [Child][RunMessage] Error: Channel closing: too late to send/recv, messages will be lost


###!!! [Child][RunMessage] Error: Channel closing: too late to send/recv, messages will be lost


###!!! [Child][RunMessage] Error: Channel closing: too late to send/recv, messages will be lost


###!!! [Parent][RunMessage] Error: Channel closing: too late to send/recv, messages will be lost

1642614454245	geckodriver	INFO	Listening on 127.0.0.1:36237
1642614454250	mozrunner::runner	INFO	Running command: "/usr/bin/firefox" "--marionette" "-no-remote" "-profile" "/tmp/rust_mozprofilexWaIC6"
1642614457308	Marionette	INFO	Marionette enabled
console.info: MINT: Trying to use the system region (based on LANG).
console.info: MINT: System region is BR
console.info: MINT: Trying to use the system region (based on LANG).
console.info: MINT: System region is BR
console.warn: SearchSettings: "get: No settings file exists, new profile?" (new NotFoundError("Could not open the file at /tmp/rust_mozprofilexWaIC6/search.json.mozlz4", (void 0)))
JavaScript error: resource:///modules/BrowserGlue.jsm, line 4097: TypeError: invalid assignment to const 'dialogReason'
1642614461413	Marionette	INFO	Listening on port 41553
1642614462017	RemoteAgent	WARN	TLS certificate errors will be ignored for this session
console.info: MINT: Loading search-config defaults.
JavaScript error: resource://gre/modules/TelemetryUtils.jsm, line 154: TypeError: date is undefined
1642614481090	Marionette	WARN	TimedPromise timed out after 500 ms: stacktrace:
TimedPromise/<@chrome://remote/content/marionette/sync.js:238:19
TimedPromise@chrome://remote/content/marionette/sync.js:223:10
interaction.flushEventLoop@chrome://remote/content/marionette/interaction.js:431:10
webdriverClickElement@chrome://remote/content/marionette/interaction.js:179:31
JavaScript warning: https://pagead2.googlesyndication.com/bg/R1B9DkRZwcDIRZ3R9sqVqoa_rY5Qa04vEjSiPeGSXMQ.js line 1 > eval line 7193 > eval, line 1: WEBGL_debug_renderer_info is deprecated in Firefox and will be removed. Please use RENDERER.
1642614486420	Marionette	INFO	Stopped listening on port 41553

###!!! [Parent][MessageChannel] Error: (msgtype=0x39014B,name=PContent::Reply_DiscardBrowsingContext) Closed channel: cannot send/recv


###!!! [Parent][MessageChannel] Error: (msgtype=0x39014B,name=PContent::Reply_DiscardBrowsingContext) Closed channel: cannot send/recv


###!!! [Parent][MessageChannel] Error: (msgtype=0x39014B,name=PContent::Reply_DiscardBrowsingContext) Closed channel: cannot send/recv


###!!! [Parent][MessageChannel] Error: (msgtype=0x39014B,name=PContent::Reply_DiscardBrowsingContext) Closed channel: cannot send/recv


###!!! [Parent][MessageChannel] Error: (msgtype=0x39014B,name=PContent::Reply_DiscardBrowsingContext) Closed channel: cannot send/recv


###!!! [Parent][MessageChannel] Error: (msgtype=0x39014B,name=PContent::Reply_DiscardBrowsingContext) Closed channel: cannot send/recv


###!!! [Parent][MessageChannel] Error: (msgtype=0x39014B,name=PContent::Reply_DiscardBrowsingContext) Closed channel: cannot send/recv


###!!! [Parent][MessageChannel] Error: (msgtype=0x39014B,name=PContent::Reply_DiscardBrowsingContext) Closed channel: cannot send/recv


###!!! [Parent][MessageChannel] Error: (msgtype=0x39014B,name=PContent::Reply_DiscardBrowsingContext) Closed channel: cannot send/recv


###!!! [Parent][MessageChannel] Error: (msgtype=0x39014B,name=PContent::Reply_DiscardBrowsingContext) Closed channel: cannot send/recv


###!!! [Parent][MessageChannel] Error: (msgtype=0x39014B,name=PContent::Reply_DiscardBrowsingContext) Closed channel: cannot send/recv


###!!! [Parent][MessageChannel] Error: (msgtype=0x39014B,name=PContent::Reply_DiscardBrowsingContext) Closed channel: cannot send/recv


###!!! [Parent][MessageChannel] Error: (msgtype=0x39014B,name=PContent::Reply_DiscardBrowsingContext) Closed channel: cannot send/recv


###!!! [Parent][MessageChannel] Error: (msgtype=0x39014B,name=PContent::Reply_DiscardBrowsingContext) Closed channel: cannot send/recv


###!!! [Parent][MessageChannel] Error: (msgtype=0x39014B,name=PContent::Reply_DiscardBrowsingContext) Closed channel: cannot send/recv


###!!! [Parent][MessageChannel] Error: (msgtype=0x39014B,name=PContent::Reply_DiscardBrowsingContext) Closed channel: cannot send/recv

JavaScript error: , line 0: uncaught exception: undefined
JavaScript error: , line 0: uncaught exception: undefined

###!!! [Parent][MessageChannel] Error: (msgtype=0x390078,name=PContent::Msg_DestroyBrowsingContextGroup) Closed channel: cannot send/recv


###!!! [Child][RunMessage] Error: Channel closing: too late to send/recv, messages will be lost


###!!! [Child][RunMessage] Error: Channel closing: too late to send/recv, messages will be lost


###!!! [Child][RunMessage] Error: Channel closing: too late to send/recv, messages will be lost


###!!! [Child][RunMessage] Error: Channel closing: too late to send/recv, messages will be lost


###!!! [Child][RunMessage] Error: Channel closing: too late to send/recv, messages will be lost


###!!! [Child][RunMessage] Error: Channel closing: too late to send/recv, messages will be lost


###!!! [Child][RunMessage] Error: Channel closing: too late to send/recv, messages will be lost


###!!! [Child][RunMessage] Error: Channel closing: too late to send/recv, messages will be lost


###!!! [Child][RunMessage] Error: Channel closing: too late to send/recv, messages will be lost

1642614678651	geckodriver	INFO	Listening on 127.0.0.1:51111
1642614678655	mozrunner::runner	INFO	Running command: "/usr/bin/firefox" "--marionette" "-no-remote" "-profile" "/tmp/rust_mozprofileghPVlR"
1642614681833	Marionette	INFO	Marionette enabled
console.info: MINT: Trying to use the system region (based on LANG).
console.info: MINT: System region is BR
console.info: MINT: Trying to use the system region (based on LANG).
console.info: MINT: System region is BR
console.warn: SearchSettings: "get: No settings file exists, new profile?" (new NotFoundError("Could not open the file at /tmp/rust_mozprofileghPVlR/search.json.mozlz4", (void 0)))
JavaScript error: resource:///modules/BrowserGlue.jsm, line 4097: TypeError: invalid assignment to const 'dialogReason'
1642614685770	Marionette	INFO	Listening on port 39849
1642614686380	RemoteAgent	WARN	TLS certificate errors will be ignored for this session
console.info: MINT: Loading search-config defaults.
JavaScript error: resource://gre/modules/TelemetryUtils.jsm, line 154: TypeError: date is undefined
1642614705271	Marionette	WARN	TimedPromise timed out after 500 ms: stacktrace:
TimedPromise/<@chrome://remote/content/marionette/sync.js:238:19
TimedPromise@chrome://remote/content/marionette/sync.js:223:10
interaction.flushEventLoop@chrome://remote/content/marionette/interaction.js:431:10
webdriverClickElement@chrome://remote/content/marionette/interaction.js:179:31
JavaScript warning: https://pagead2.googlesyndication.com/bg/R1B9DkRZwcDIRZ3R9sqVqoa_rY5Qa04vEjSiPeGSXMQ.js line 1 > eval line 3543 > eval, line 1: WEBGL_debug_renderer_info is deprecated in Firefox and will be removed. Please use RENDERER.
JavaScript warning: https://pagead2.googlesyndication.com/bg/R1B9DkRZwcDIRZ3R9sqVqoa_rY5Qa04vEjSiPeGSXMQ.js line 1 > eval line 6783 > eval, line 1: WEBGL_debug_renderer_info is deprecated in Firefox and will be removed. Please use RENDERER.
JavaScript warning: https://pagead2.googlesyndication.com/bg/R1B9DkRZwcDIRZ3R9sqVqoa_rY5Qa04vEjSiPeGSXMQ.js line 1 > eval line 2448 > eval, line 1: WEBGL_debug_renderer_info is deprecated in Firefox and will be removed. Please use RENDERER.
JavaScript warning: https://pagead2.googlesyndication.com/bg/R1B9DkRZwcDIRZ3R9sqVqoa_rY5Qa04vEjSiPeGSXMQ.js line 1 > eval line 296 > eval, line 1: WEBGL_debug_renderer_info is deprecated in Firefox and will be removed. Please use RENDERER.
JavaScript warning: https://pagead2.googlesyndication.com/bg/R1B9DkRZwcDIRZ3R9sqVqoa_rY5Qa04vEjSiPeGSXMQ.js line 1 > eval line 1920 > eval line 1 > eval, line 1: WEBGL_debug_renderer_info is deprecated in Firefox and will be removed. Please use RENDERER.
JavaScript warning: https://pagead2.googlesyndication.com/bg/R1B9DkRZwcDIRZ3R9sqVqoa_rY5Qa04vEjSiPeGSXMQ.js line 1 > eval line 302 > eval line 1 > eval, line 1: WEBGL_debug_renderer_info is deprecated in Firefox and will be removed. Please use RENDERER.
console.info: MINT: main/search-config update being skipped
1642615144002	Marionette	INFO	Stopped listening on port 39849
console.warn: TopSitesFeed: Failed to fetch data from Contile server: NetworkError when attempting to fetch resource.
1642616633705	geckodriver	INFO	Listening on 127.0.0.1:43053
1642616633778	mozrunner::runner	INFO	Running command: "/usr/bin/firefox" "--marionette" "-no-remote" "-profile" "/tmp/rust_mozprofileTkFK7N"
1642616636911	Marionette	INFO	Marionette enabled
console.info: MINT: Trying to use the system region (based on LANG).
console.info: MINT: System region is BR
console.info: MINT: Trying to use the system region (based on LANG).
console.info: MINT: System region is BR
console.warn: SearchSettings: "get: No settings file exists, new profile?" (new NotFoundError("Could not open the file at /tmp/rust_mozprofileTkFK7N/search.json.mozlz4", (void 0)))
JavaScript error: resource:///modules/BrowserGlue.jsm, line 4097: TypeError: invalid assignment to const 'dialogReason'
1642616640882	Marionette	INFO	Listening on port 42833
1642616641404	RemoteAgent	WARN	TLS certificate errors will be ignored for this session
console.info: MINT: Loading search-config defaults.
JavaScript error: resource://gre/modules/TelemetryUtils.jsm, line 154: TypeError: date is undefined
1642616663738	Marionette	WARN	TimedPromise timed out after 500 ms: stacktrace:
TimedPromise/<@chrome://remote/content/marionette/sync.js:238:19
TimedPromise@chrome://remote/content/marionette/sync.js:223:10
interaction.flushEventLoop@chrome://remote/content/marionette/interaction.js:431:10
webdriverClickElement@chrome://remote/content/marionette/interaction.js:179:31
JavaScript warning: https://pagead2.googlesyndication.com/bg/R1B9DkRZwcDIRZ3R9sqVqoa_rY5Qa04vEjSiPeGSXMQ.js line 1 > eval line 2866 > eval line 1 > eval, line 1: WEBGL_debug_renderer_info is deprecated in Firefox and will be removed. Please use RENDERER.
JavaScript warning: https://pagead2.googlesyndication.com/bg/R1B9DkRZwcDIRZ3R9sqVqoa_rY5Qa04vEjSiPeGSXMQ.js line 1 > eval line 2901 > eval, line 1: WEBGL_debug_renderer_info is deprecated in Firefox and will be removed. Please use RENDERER.
JavaScript error: https://db59330f71269032e152e43617c8f42c.safeframe.googlesyndication.com/safeframe/1-0-38/html/container.html, line 158: ReferenceError: init is not defined
JavaScript warning: https://pagead2.googlesyndication.com/bg/R1B9DkRZwcDIRZ3R9sqVqoa_rY5Qa04vEjSiPeGSXMQ.js line 1 > eval line 4509 > eval, line 1: WEBGL_debug_renderer_info is deprecated in Firefox and will be removed. Please use RENDERER.
JavaScript warning: https://pagead2.googlesyndication.com/bg/R1B9DkRZwcDIRZ3R9sqVqoa_rY5Qa04vEjSiPeGSXMQ.js line 1 > eval line 3402 > eval, line 1: WEBGL_debug_renderer_info is deprecated in Firefox and will be removed. Please use RENDERER.
JavaScript warning: https://pagead2.googlesyndication.com/bg/R1B9DkRZwcDIRZ3R9sqVqoa_rY5Qa04vEjSiPeGSXMQ.js line 1 > eval line 652 > eval line 1 > eval, line 1: WEBGL_debug_renderer_info is deprecated in Firefox and will be removed. Please use RENDERER.
JavaScript warning: https://pagead2.googlesyndication.com/bg/R1B9DkRZwcDIRZ3R9sqVqoa_rY5Qa04vEjSiPeGSXMQ.js line 1 > eval line 2345 > eval line 1 > eval, line 1: WEBGL_debug_renderer_info is deprecated in Firefox and will be removed. Please use RENDERER.
1642616761341	Marionette	INFO	Stopped listening on port 42833
console.warn: TopSitesFeed: Failed to fetch data from Contile server: NetworkError when attempting to fetch resource.
1642616775521	geckodriver	INFO	Listening on 127.0.0.1:52635
1642616775526	mozrunner::runner	INFO	Running command: "/usr/bin/firefox" "--marionette" "-no-remote" "-profile" "/tmp/rust_mozprofiles765Kt"
1642616778871	Marionette	INFO	Marionette enabled
console.info: MINT: Trying to use the system region (based on LANG).
console.info: MINT: System region is BR
console.info: MINT: Trying to use the system region (based on LANG).
console.info: MINT: System region is BR
console.warn: SearchSettings: "get: No settings file exists, new profile?" (new NotFoundError("Could not open the file at /tmp/rust_mozprofiles765Kt/search.json.mozlz4", (void 0)))
JavaScript error: resource:///modules/BrowserGlue.jsm, line 4097: TypeError: invalid assignment to const 'dialogReason'
1642616783211	Marionette	INFO	Listening on port 41971
1642616783753	RemoteAgent	WARN	TLS certificate errors will be ignored for this session
console.info: MINT: Loading search-config defaults.
JavaScript error: resource://gre/modules/TelemetryUtils.jsm, line 154: TypeError: date is undefined
1642616807767	Marionette	WARN	TimedPromise timed out after 500 ms: stacktrace:
TimedPromise/<@chrome://remote/content/marionette/sync.js:238:19
TimedPromise@chrome://remote/content/marionette/sync.js:223:10
interaction.flushEventLoop@chrome://remote/content/marionette/interaction.js:431:10
webdriverClickElement@chrome://remote/content/marionette/interaction.js:179:31
1642616811104	Marionette	INFO	Stopped listening on port 41971
JavaScript error: , line 0: uncaught exception: undefined

###!!! [Child][MessageChannel] Error: (msgtype=0x5B0008,name=PHttpChannel::Msg_DeletingChannel) Channel closing: too late to send/recv, messages will be lost


###!!! [Parent][RunMessage] Error: Channel closing: too late to send/recv, messages will be lost

1642617315637	geckodriver	INFO	Listening on 127.0.0.1:53435
1642617315642	mozrunner::runner	INFO	Running command: "/usr/bin/firefox" "--marionette" "-no-remote" "-profile" "/tmp/rust_mozprofilevRjS9W"
1642617318755	Marionette	INFO	Marionette enabled
console.info: MINT: Trying to use the system region (based on LANG).
console.info: MINT: System region is BR
console.info: MINT: Trying to use the system region (based on LANG).
console.info: MINT: System region is BR
console.warn: SearchSettings: "get: No settings file exists, new profile?" (new NotFoundError("Could not open the file at /tmp/rust_mozprofilevRjS9W/search.json.mozlz4", (void 0)))
JavaScript error: resource:///modules/BrowserGlue.jsm, line 4097: TypeError: invalid assignment to const 'dialogReason'
1642617322696	Marionette	INFO	Listening on port 43837
1642617323242	RemoteAgent	WARN	TLS certificate errors will be ignored for this session
console.info: MINT: Loading search-config defaults.
JavaScript error: resource://gre/modules/TelemetryUtils.jsm, line 154: TypeError: date is undefined
1642617343477	Marionette	WARN	TimedPromise timed out after 500 ms: stacktrace:
TimedPromise/<@chrome://remote/content/marionette/sync.js:238:19
TimedPromise@chrome://remote/content/marionette/sync.js:223:10
interaction.flushEventLoop@chrome://remote/content/marionette/interaction.js:431:10
webdriverClickElement@chrome://remote/content/marionette/interaction.js:179:31
1642617344682	Marionette	INFO	Stopped listening on port 43837

###!!! [Child][RunMessage] Error: Channel closing: too late to send/recv, messages will be lost


###!!! [Parent][RunMessage] Error: Channel closing: too late to send/recv, messages will be lost

1642617505329	geckodriver	INFO	Listening on 127.0.0.1:51403
1642617505333	mozrunner::runner	INFO	Running command: "/usr/bin/firefox" "--marionette" "-no-remote" "-profile" "/tmp/rust_mozprofileE63BkJ"
1642617508637	Marionette	INFO	Marionette enabled
console.info: MINT: Trying to use the system region (based on LANG).
console.info: MINT: System region is BR
console.info: MINT: Trying to use the system region (based on LANG).
console.info: MINT: System region is BR
console.warn: SearchSettings: "get: No settings file exists, new profile?" (new NotFoundError("Could not open the file at /tmp/rust_mozprofileE63BkJ/search.json.mozlz4", (void 0)))
JavaScript error: resource:///modules/BrowserGlue.jsm, line 4097: TypeError: invalid assignment to const 'dialogReason'
1642617513394	Marionette	INFO	Listening on port 37517
1642617513831	RemoteAgent	WARN	TLS certificate errors will be ignored for this session
console.info: MINT: Loading search-config defaults.
JavaScript error: resource://gre/modules/TelemetryUtils.jsm, line 154: TypeError: date is undefined
1642617536144	Marionette	WARN	TimedPromise timed out after 500 ms: stacktrace:
TimedPromise/<@chrome://remote/content/marionette/sync.js:238:19
TimedPromise@chrome://remote/content/marionette/sync.js:223:10
interaction.flushEventLoop@chrome://remote/content/marionette/interaction.js:431:10
webdriverClickElement@chrome://remote/content/marionette/interaction.js:179:31
1642617537732	Marionette	INFO	Stopped listening on port 37517
JavaScript error: , line 0: uncaught exception: undefined

###!!! [Parent][RunMessage] Error: Channel closing: too late to send/recv, messages will be lost

1642619351937	geckodriver	INFO	Listening on 127.0.0.1:53381
1642619351942	mozrunner::runner	INFO	Running command: "/usr/bin/firefox" "--marionette" "-no-remote" "-profile" "/tmp/rust_mozprofile3g38Cg"
1642619355524	Marionette	INFO	Marionette enabled
console.info: MINT: Trying to use the system region (based on LANG).
console.info: MINT: System region is BR
console.info: MINT: Trying to use the system region (based on LANG).
console.info: MINT: System region is BR
console.warn: SearchSettings: "get: No settings file exists, new profile?" (new NotFoundError("Could not open the file at /tmp/rust_mozprofile3g38Cg/search.json.mozlz4", (void 0)))
JavaScript error: resource:///modules/BrowserGlue.jsm, line 4097: TypeError: invalid assignment to const 'dialogReason'
1642619359735	Marionette	INFO	Listening on port 44941
1642619359796	RemoteAgent	WARN	TLS certificate errors will be ignored for this session
console.info: MINT: Loading search-config defaults.
JavaScript error: resource://gre/modules/TelemetryUtils.jsm, line 154: TypeError: date is undefined
1642619382776	Marionette	WARN	TimedPromise timed out after 500 ms: stacktrace:
TimedPromise/<@chrome://remote/content/marionette/sync.js:238:19
TimedPromise@chrome://remote/content/marionette/sync.js:223:10
interaction.flushEventLoop@chrome://remote/content/marionette/interaction.js:431:10
webdriverClickElement@chrome://remote/content/marionette/interaction.js:179:31
JavaScript warning: https://pagead2.googlesyndication.com/bg/R1B9DkRZwcDIRZ3R9sqVqoa_rY5Qa04vEjSiPeGSXMQ.js line 1 > eval line 3223 > eval, line 1: WEBGL_debug_renderer_info is deprecated in Firefox and will be removed. Please use RENDERER.
JavaScript warning: https://pagead2.googlesyndication.com/bg/R1B9DkRZwcDIRZ3R9sqVqoa_rY5Qa04vEjSiPeGSXMQ.js line 1 > eval line 2654 > eval, line 1: WEBGL_debug_renderer_info is deprecated in Firefox and will be removed. Please use RENDERER.
JavaScript warning: https://pagead2.googlesyndication.com/bg/R1B9DkRZwcDIRZ3R9sqVqoa_rY5Qa04vEjSiPeGSXMQ.js line 1 > eval line 7545 > eval, line 1: WEBGL_debug_renderer_info is deprecated in Firefox and will be removed. Please use RENDERER.
JavaScript warning: https://pagead2.googlesyndication.com/bg/R1B9DkRZwcDIRZ3R9sqVqoa_rY5Qa04vEjSiPeGSXMQ.js line 1 > eval line 7691 > eval, line 1: WEBGL_debug_renderer_info is deprecated in Firefox and will be removed. Please use RENDERER.
JavaScript warning: https://pagead2.googlesyndication.com/bg/R1B9DkRZwcDIRZ3R9sqVqoa_rY5Qa04vEjSiPeGSXMQ.js line 1 > eval line 4596 > eval line 1 > eval, line 1: WEBGL_debug_renderer_info is deprecated in Firefox and will be removed. Please use RENDERER.
JavaScript warning: https://pagead2.googlesyndication.com/bg/R1B9DkRZwcDIRZ3R9sqVqoa_rY5Qa04vEjSiPeGSXMQ.js line 1 > eval line 349 > eval, line 1: WEBGL_debug_renderer_info is deprecated in Firefox and will be removed. Please use RENDERER.
1642619450446	geckodriver	INFO	Listening on 127.0.0.1:49733
1642619450451	mozrunner::runner	INFO	Running command: "/usr/bin/firefox" "--marionette" "-no-remote" "-profile" "/tmp/rust_mozprofileTKKpwk"
1642619454011	Marionette	INFO	Marionette enabled
console.info: MINT: Trying to use the system region (based on LANG).
console.info: MINT: System region is BR
console.info: MINT: Trying to use the system region (based on LANG).
console.info: MINT: System region is BR
console.warn: SearchSettings: "get: No settings file exists, new profile?" (new NotFoundError("Could not open the file at /tmp/rust_mozprofileTKKpwk/search.json.mozlz4", (void 0)))
JavaScript error: resource:///modules/BrowserGlue.jsm, line 4097: TypeError: invalid assignment to const 'dialogReason'
1642619458829	Marionette	INFO	Listening on port 46181
1642619458903	RemoteAgent	WARN	TLS certificate errors will be ignored for this session
console.info: MINT: Loading search-config defaults.
JavaScript error: resource://gre/modules/TelemetryUtils.jsm, line 154: TypeError: date is undefined
1642619481921	Marionette	WARN	TimedPromise timed out after 500 ms: stacktrace:
TimedPromise/<@chrome://remote/content/marionette/sync.js:238:19
TimedPromise@chrome://remote/content/marionette/sync.js:223:10
interaction.flushEventLoop@chrome://remote/content/marionette/interaction.js:431:10
webdriverClickElement@chrome://remote/content/marionette/interaction.js:179:31
JavaScript warning: https://pagead2.googlesyndication.com/bg/R1B9DkRZwcDIRZ3R9sqVqoa_rY5Qa04vEjSiPeGSXMQ.js line 1 > eval line 3286 > eval, line 1: WEBGL_debug_renderer_info is deprecated in Firefox and will be removed. Please use RENDERER.
JavaScript warning: https://pagead2.googlesyndication.com/bg/R1B9DkRZwcDIRZ3R9sqVqoa_rY5Qa04vEjSiPeGSXMQ.js line 1 > eval line 7709 > eval line 1 > eval, line 1: WEBGL_debug_renderer_info is deprecated in Firefox and will be removed. Please use RENDERER.
JavaScript warning: https://pagead2.googlesyndication.com/bg/R1B9DkRZwcDIRZ3R9sqVqoa_rY5Qa04vEjSiPeGSXMQ.js line 1 > eval line 718 > eval, line 1: WEBGL_debug_renderer_info is deprecated in Firefox and will be removed. Please use RENDERER.
JavaScript warning: https://pagead2.googlesyndication.com/bg/R1B9DkRZwcDIRZ3R9sqVqoa_rY5Qa04vEjSiPeGSXMQ.js line 1 > eval line 7110 > eval, line 1: WEBGL_debug_renderer_info is deprecated in Firefox and will be removed. Please use RENDERER.
JavaScript warning: https://pagead2.googlesyndication.com/bg/R1B9DkRZwcDIRZ3R9sqVqoa_rY5Qa04vEjSiPeGSXMQ.js line 1 > eval line 6044 > eval line 1 > eval, line 1: WEBGL_debug_renderer_info is deprecated in Firefox and will be removed. Please use RENDERER.
JavaScript warning: https://pagead2.googlesyndication.com/bg/R1B9DkRZwcDIRZ3R9sqVqoa_rY5Qa04vEjSiPeGSXMQ.js line 1 > eval line 5949 > eval line 1 > eval, line 1: WEBGL_debug_renderer_info is deprecated in Firefox and will be removed. Please use RENDERER.
1642619573811	geckodriver	INFO	Listening on 127.0.0.1:33683
1642619574783	mozrunner::runner	INFO	Running command: "/usr/bin/firefox" "--marionette" "-no-remote" "-profile" "/tmp/rust_mozprofileRUwyfo"
1642619578196	Marionette	INFO	Marionette enabled
console.info: MINT: Trying to use the system region (based on LANG).
console.info: MINT: System region is BR
console.info: MINT: Trying to use the system region (based on LANG).
console.info: MINT: System region is BR
console.warn: SearchSettings: "get: No settings file exists, new profile?" (new NotFoundError("Could not open the file at /tmp/rust_mozprofileRUwyfo/search.json.mozlz4", (void 0)))
JavaScript error: resource:///modules/BrowserGlue.jsm, line 4097: TypeError: invalid assignment to const 'dialogReason'
1642619582816	Marionette	INFO	Listening on port 37041
1642619583401	RemoteAgent	WARN	TLS certificate errors will be ignored for this session
console.info: MINT: Loading search-config defaults.
JavaScript error: resource://gre/modules/TelemetryUtils.jsm, line 154: TypeError: date is undefined
1642619607638	Marionette	WARN	TimedPromise timed out after 500 ms: stacktrace:
TimedPromise/<@chrome://remote/content/marionette/sync.js:238:19
TimedPromise@chrome://remote/content/marionette/sync.js:223:10
interaction.flushEventLoop@chrome://remote/content/marionette/interaction.js:431:10
webdriverClickElement@chrome://remote/content/marionette/interaction.js:179:31
JavaScript warning: https://pagead2.googlesyndication.com/bg/R1B9DkRZwcDIRZ3R9sqVqoa_rY5Qa04vEjSiPeGSXMQ.js line 1 > eval line 6417 > eval line 1 > eval, line 1: WEBGL_debug_renderer_info is deprecated in Firefox and will be removed. Please use RENDERER.
1642619614379	Marionette	WARN	TimedPromise timed out after 500 ms: stacktrace:
TimedPromise/<@chrome://remote/content/marionette/sync.js:238:19
TimedPromise@chrome://remote/content/marionette/sync.js:223:10
interaction.flushEventLoop@chrome://remote/content/marionette/interaction.js:431:10
webdriverClickElement@chrome://remote/content/marionette/interaction.js:179:31
JavaScript warning: https://pagead2.googlesyndication.com/bg/R1B9DkRZwcDIRZ3R9sqVqoa_rY5Qa04vEjSiPeGSXMQ.js line 1 > eval line 3485 > eval line 1 > eval, line 1: WEBGL_debug_renderer_info is deprecated in Firefox and will be removed. Please use RENDERER.
JavaScript warning: https://pagead2.googlesyndication.com/bg/R1B9DkRZwcDIRZ3R9sqVqoa_rY5Qa04vEjSiPeGSXMQ.js line 1 > eval line 4879 > eval line 1 > eval, line 1: WEBGL_debug_renderer_info is deprecated in Firefox and will be removed. Please use RENDERER.
JavaScript warning: https://pagead2.googlesyndication.com/bg/R1B9DkRZwcDIRZ3R9sqVqoa_rY5Qa04vEjSiPeGSXMQ.js line 1 > eval line 988 > eval line 1 > eval, line 1: WEBGL_debug_renderer_info is deprecated in Firefox and will be removed. Please use RENDERER.
1642619627194	Marionette	WARN	TimedPromise timed out after 500 ms: stacktrace:
TimedPromise/<@chrome://remote/content/marionette/sync.js:238:19
TimedPromise@chrome://remote/content/marionette/sync.js:223:10
interaction.flushEventLoop@chrome://remote/content/marionette/interaction.js:431:10
webdriverClickElement@chrome://remote/content/marionette/interaction.js:179:31
console.info: MINT: main/search-config update being skipped
1642619633542	Marionette	WARN	TimedPromise timed out after 500 ms: stacktrace:
TimedPromise/<@chrome://remote/content/marionette/sync.js:238:19
TimedPromise@chrome://remote/content/marionette/sync.js:223:10
interaction.flushEventLoop@chrome://remote/content/marionette/interaction.js:431:10
webdriverClickElement@chrome://remote/content/marionette/interaction.js:179:31
1642619640055	Marionette	WARN	TimedPromise timed out after 500 ms: stacktrace:
TimedPromise/<@chrome://remote/content/marionette/sync.js:238:19
TimedPromise@chrome://remote/content/marionette/sync.js:223:10
interaction.flushEventLoop@chrome://remote/content/marionette/interaction.js:431:10
webdriverClickElement@chrome://remote/content/marionette/interaction.js:179:31
1642619640739	Marionette	INFO	Stopped listening on port 37041

###!!! [Parent][MessageChannel] Error: (msgtype=0x390078,name=PContent::Msg_DestroyBrowsingContextGroup) Closed channel: cannot send/recv


###!!! [Child][RunMessage] Error: Channel closing: too late to send/recv, messages will be lost


###!!! [Child][RunMessage] Error: Channel closing: too late to send/recv, messages will be lost


###!!! [Child][RunMessage] Error: Channel closing: too late to send/recv, messages will be lost


###!!! [Child][RunMessage] Error: Channel closing: too late to send/recv, messages will be lost


###!!! [Child][RunMessage] Error: Channel closing: too late to send/recv, messages will be lost


###!!! [Child][RunMessage] Error: Channel closing: too late to send/recv, messages will be lost


###!!! [Child][RunMessage] Error: Channel closing: too late to send/recv, messages will be lost


###!!! [Child][RunMessage] Error: Channel closing: too late to send/recv, messages will be lost


###!!! [Child][RunMessage] Error: Channel closing: too late to send/recv, messages will be lost


###!!! [Child][RunMessage] Error: Channel closing: too late to send/recv, messages will be lost


###!!! [Child][RunMessage] Error: Channel closing: too late to send/recv, messages will be lost


###!!! [Child][RunMessage] Error: Channel closing: too late to send/recv, messages will be lost


###!!! [Child][RunMessage] Error: Channel closing: too late to send/recv, messages will be lost


###!!! [Child][RunMessage] Error: Channel closing: too late to send/recv, messages will be lost


###!!! [Child][RunMessage] Error: Channel closing: too late to send/recv, messages will be lost


###!!! [Child][RunMessage] Error: Channel closing: too late to send/recv, messages will be lost


###!!! [Child][RunMessage] Error: Channel closing: too late to send/recv, messages will be lost


###!!! [Parent][RunMessage] Error: Channel closing: too late to send/recv, messages will be lost

1642619726142	Marionette	INFO	Stopped listening on port 44941
console.warn: TopSitesFeed: Failed to fetch data from Contile server: NetworkError when attempting to fetch resource.
1642619726822	Marionette	INFO	Stopped listening on port 46181

###!!! [Child][RunMessage] Error: Channel closing: too late to send/recv, messages will be lost


###!!! [Child][RunMessage] Error: Channel closing: too late to send/recv, messages will be lost

console.error: services.settings: 
  Message: TypeError: NetworkError: Network request failed
  Stack:
    fetch/</request.onerror@resource://services-settings/Utils.jsm:147:26

console.warn: TopSitesFeed: Failed to fetch data from Contile server: NetworkError when attempting to fetch resource.

###!!! [Parent][RunMessage] Error: Channel closing: too late to send/recv, messages will be lost

